[22:52:32 INF] User profile is available. Using 'C:\Users\viono\AppData\Local\ASP.NET\DataProtection-Keys' as key repository and Windows DPAPI to encrypt keys at rest.
[22:52:32 INF] Application user name: ASHENVALE\viono
[22:52:32 INF] Runtime version: .NET 8.0.8
[22:52:32 INF] Now listening on: http://localhost:5037
[22:52:32 INF] Application started. Press Ctrl+C to shut down.
[22:52:32 INF] Hosting environment: Development
[22:52:32 INF] Content root path: C:\Projects\Stellaxis\samples\TemplateSite\TemplateSite.Server
[22:52:43 INF] Request starting HTTP/1.1 GET http://localhost:5037/weather - null null
[22:52:43 INF] Request finished HTTP/1.1 GET http://localhost:5037/weather - 200 null text/html; charset=utf-8 75.4335ms
[22:52:43 INF] Request starting HTTP/1.1 GET http://localhost:5037/_framework/aspnetcore-browser-refresh.js - null null
[22:52:43 INF] Request starting HTTP/1.1 GET http://localhost:5037/_framework/blazor.web.js - null null
[22:52:43 INF] Request finished HTTP/1.1 GET http://localhost:5037/_framework/aspnetcore-browser-refresh.js - 200 13401 application/javascript; charset=utf-8 2.7095ms
[22:52:43 INF] The file /_framework/blazor.web.js was not modified
[22:52:43 INF] Request finished HTTP/1.1 GET http://localhost:5037/_framework/blazor.web.js - 304 null text/javascript 5.8906ms
[22:52:50 INF] Request starting HTTP/1.1 GET http://localhost:5037/counter - null null
[22:52:50 INF] Request finished HTTP/1.1 GET http://localhost:5037/counter - 200 null text/html; charset=utf-8 41.4218ms
[22:52:50 INF] Request starting HTTP/1.1 GET http://localhost:5037/_framework/dotnet.js - null null
[22:52:50 INF] Sending file. Request path: '/_framework/dotnet.js.gz'. Physical path: 'C:\Projects\Stellaxis\samples\TemplateSite\TemplateSite.Client\bin\Debug\net8.0\wwwroot\_framework\dotnet.js.gz'
[22:52:50 INF] Request finished HTTP/1.1 GET http://localhost:5037/_framework/dotnet.js.gz - 200 11573 text/javascript 12.081ms
[22:52:50 INF] Request starting HTTP/1.1 GET http://localhost:5037/_framework/blazor.boot.json - null null
[22:52:50 INF] Sending file. Request path: '/_framework/blazor.boot.json.gz'. Physical path: 'C:\Projects\Stellaxis\samples\TemplateSite\TemplateSite.Client\bin\Debug\net8.0\wwwroot\_framework\blazor.boot.json.gz'
[22:52:50 INF] Request finished HTTP/1.1 GET http://localhost:5037/_framework/blazor.boot.json.gz - 200 8822 application/json 9.3972ms
[22:52:50 INF] Request starting HTTP/1.1 GET http://localhost:5037/_framework/dotnet.runtime.8.0.8.80cvijctdx.js - null null
[22:52:50 INF] Request starting HTTP/1.1 GET http://localhost:5037/_framework/dotnet.native.8.0.8.93i67mqfmb.js - null null
[22:52:50 INF] Request starting HTTP/1.1 GET http://localhost:5037/_blazor/initializers - null null
[22:52:50 INF] Request finished HTTP/1.1 GET http://localhost:5037/_blazor/initializers - 200 null application/json; charset=utf-8 3.4806ms
[22:52:50 INF] Sending file. Request path: '/_framework/dotnet.native.8.0.8.93i67mqfmb.js.gz'. Physical path: 'C:\Projects\Stellaxis\samples\TemplateSite\TemplateSite.Client\bin\Debug\net8.0\wwwroot\_framework\dotnet.native.8.0.8.93i67mqfmb.js.gz'
[22:52:50 INF] Sending file. Request path: '/_framework/dotnet.runtime.8.0.8.80cvijctdx.js.gz'. Physical path: 'C:\Projects\Stellaxis\samples\TemplateSite\TemplateSite.Client\bin\Debug\net8.0\wwwroot\_framework\dotnet.runtime.8.0.8.80cvijctdx.js.gz'
[22:52:50 INF] Request finished HTTP/1.1 GET http://localhost:5037/_framework/dotnet.native.8.0.8.93i67mqfmb.js.gz - 200 36404 text/javascript 6.7241ms
[22:52:50 INF] Request finished HTTP/1.1 GET http://localhost:5037/_framework/dotnet.runtime.8.0.8.80cvijctdx.js.gz - 200 65643 text/javascript 8.2726ms
[22:52:50 INF] Request starting HTTP/1.1 GET http://localhost:5037/appsettings.Development.json - null null
[22:52:50 INF] The file /appsettings.Development.json was not modified
[22:52:50 INF] Request finished HTTP/1.1 GET http://localhost:5037/appsettings.Development.json - 304 null application/json 4.1134ms
[22:52:50 INF] Request starting HTTP/1.1 POST http://localhost:5037/_blazor/negotiate?negotiateVersion=1 - null 0
[22:52:50 INF] Request starting HTTP/1.1 GET http://localhost:5037/appsettings.json - null null
[22:52:50 INF] The file /appsettings.json was not modified
[22:52:50 INF] Request finished HTTP/1.1 GET http://localhost:5037/appsettings.json - 304 null application/json 3.463ms
[22:52:50 INF] Request finished HTTP/1.1 POST http://localhost:5037/_blazor/negotiate?negotiateVersion=1 - 200 316 application/json 8.4634ms
[22:52:50 INF] Request starting HTTP/1.1 GET http://localhost:5037/_blazor?id=UpHdF8ZR3W_EI0JaLect7g - null null
[22:52:51 INF] Request starting HTTP/1.1 GET http://localhost:5037/_framework/TemplateSite.Client.wasm - null null
[22:52:51 INF] Sending file. Request path: '/_framework/TemplateSite.Client.wasm.gz'. Physical path: 'C:\Projects\Stellaxis\samples\TemplateSite\TemplateSite.Client\bin\Debug\net8.0\wwwroot\_framework\TemplateSite.Client.wasm.gz'
[22:52:51 INF] Request finished HTTP/1.1 GET http://localhost:5037/_framework/TemplateSite.Client.wasm.gz - 200 3759 application/wasm 3.1707ms
[22:52:51 INF] Request starting HTTP/1.1 GET http://localhost:5037/_framework/TemplateSite.Client.pdb - null null
[22:52:51 INF] Sending file. Request path: '/_framework/TemplateSite.Client.pdb.gz'. Physical path: 'C:\Projects\Stellaxis\samples\TemplateSite\TemplateSite.Client\bin\Debug\net8.0\wwwroot\_framework\TemplateSite.Client.pdb.gz'
[22:52:51 INF] Request finished HTTP/1.1 GET http://localhost:5037/_framework/TemplateSite.Client.pdb.gz - 200 10036 application/octet-stream 2.8053ms
[22:52:54 INF] Request starting HTTP/1.1 GET http://localhost:5037/weather - null null
[22:52:54 INF] Request finished HTTP/1.1 GET http://localhost:5037/weather - 200 null text/html; charset=utf-8 6.2589ms
[22:52:57 INF] Application is shutting down...
[22:52:57 INF] Request finished HTTP/1.1 GET http://localhost:5037/_blazor?id=UpHdF8ZR3W_EI0JaLect7g - 101 null null 6632.1576ms
[22:52:57 INF] Host terminated clearly
[23:01:52 INF] User profile is available. Using 'C:\Users\viono\AppData\Local\ASP.NET\DataProtection-Keys' as key repository and Windows DPAPI to encrypt keys at rest.
[23:01:52 INF] Application user name: ASHENVALE\viono
[23:01:52 INF] Runtime version: .NET 8.0.8
[23:01:52 INF] Now listening on: http://localhost:5037
[23:01:52 INF] Application started. Press Ctrl+C to shut down.
[23:01:52 INF] Hosting environment: Development
[23:01:52 INF] Content root path: C:\Projects\Stellaxis\samples\TemplateSite\TemplateSite.Server
[23:01:55 INF] Request starting HTTP/1.1 GET http://localhost:5037/weather - null null
[23:01:55 ERR] An unhandled exception has occurred while executing the request.
System.InvalidOperationException: Object of type 'Stellaxis.SiteBlocks.Components.SxMarkdownContent' does not have a property matching the name 'ChildContent'.
   at Microsoft.AspNetCore.Components.Reflection.ComponentProperties.ThrowForUnknownIncomingParameterName(Type targetType, String parameterName)
   at Microsoft.AspNetCore.Components.Reflection.ComponentProperties.SetProperties(ParameterView& parameters, Object target)
   at Microsoft.AspNetCore.Components.ComponentBase.SetParametersAsync(ParameterView parameters)
   at Microsoft.AspNetCore.Components.Rendering.ComponentState.SupplyCombinedParameters(ParameterView directAndCascadingParameters)
--- End of stack trace from previous location ---
   at Microsoft.AspNetCore.Components.Rendering.ComponentState.SetDirectParameters(ParameterView parameters)
   at Microsoft.AspNetCore.Components.RenderTree.RenderTreeDiffBuilder.InitializeNewComponentFrame(DiffContext& diffContext, Int32 frameIndex)
   at Microsoft.AspNetCore.Components.RenderTree.RenderTreeDiffBuilder.InitializeNewSubtree(DiffContext& diffContext, Int32 frameIndex)
   at Microsoft.AspNetCore.Components.RenderTree.RenderTreeDiffBuilder.InsertNewFrame(DiffContext& diffContext, Int32 newFrameIndex)
   at Microsoft.AspNetCore.Components.RenderTree.RenderTreeDiffBuilder.AppendDiffEntriesForRange(DiffContext& diffContext, Int32 oldStartIndex, Int32 oldEndIndexExcl, Int32 newStartIndex, Int32 newEndIndexExcl)
   at Microsoft.AspNetCore.Components.RenderTree.RenderTreeDiffBuilder.ComputeDiff(Renderer renderer, RenderBatchBuilder batchBuilder, Int32 componentId, ArrayRange`1 oldTree, ArrayRange`1 newTree)
   at Microsoft.AspNetCore.Components.Rendering.ComponentState.RenderIntoBatch(RenderBatchBuilder batchBuilder, RenderFragment renderFragment, Exception& renderFragmentException)
   at Microsoft.AspNetCore.Components.RenderTree.Renderer.ProcessRenderQueue()
--- End of stack trace from previous location ---
   at Microsoft.AspNetCore.Components.RenderTree.Renderer.ProcessRenderQueue()
   at Microsoft.AspNetCore.Components.RenderTree.Renderer.AddToRenderQueue(Int32 componentId, RenderFragment renderFragment)
   at Microsoft.AspNetCore.Components.ComponentBase.StateHasChanged()
   at Microsoft.AspNetCore.Components.ComponentBase.CallOnParametersSetAsync()
   at Microsoft.AspNetCore.Components.ComponentBase.RunInitAndSetParametersAsync()
   at Microsoft.AspNetCore.Components.Rendering.ComponentState.SetDirectParameters(ParameterView parameters)
   at Microsoft.AspNetCore.Components.RenderTree.Renderer.RenderRootComponentAsync(Int32 componentId, ParameterView initialParameters)
   at Microsoft.AspNetCore.Components.HtmlRendering.Infrastructure.StaticHtmlRenderer.BeginRenderingComponent(IComponent component, ParameterView initialParameters)
   at Microsoft.AspNetCore.Components.Endpoints.EndpointHtmlRenderer.RenderEndpointComponent(HttpContext httpContext, Type rootComponentType, ParameterView parameters, Boolean waitForQuiescence)
   at Microsoft.AspNetCore.Components.Endpoints.RazorComponentEndpointInvoker.RenderComponentCore(HttpContext context)
   at Microsoft.AspNetCore.Components.Endpoints.RazorComponentEndpointInvoker.RenderComponentCore(HttpContext context)
   at Microsoft.AspNetCore.Components.Rendering.RendererSynchronizationContext.<>c.<<InvokeAsync>b__10_0>d.MoveNext()
--- End of stack trace from previous location ---
   at Microsoft.AspNetCore.Authorization.AuthorizationMiddleware.Invoke(HttpContext context)
   at Microsoft.AspNetCore.Diagnostics.DeveloperExceptionPageMiddlewareImpl.Invoke(HttpContext context)
[23:01:55 INF] Request finished HTTP/1.1 GET http://localhost:5037/weather - 500 null text/html; charset=utf-8 98.594ms
[23:01:55 INF] Request starting HTTP/1.1 GET http://localhost:5037/_framework/aspnetcore-browser-refresh.js - null null
[23:01:55 INF] Request finished HTTP/1.1 GET http://localhost:5037/_framework/aspnetcore-browser-refresh.js - 200 13401 application/javascript; charset=utf-8 3.467ms
[23:01:55 INF] Request starting HTTP/1.1 GET http://localhost:5037/favicon.ico - null null
[23:01:55 INF] Request finished HTTP/1.1 GET http://localhost:5037/favicon.ico - 404 0 null 2.6092ms
[23:01:55 INF] Request reached the end of the middleware pipeline without being handled by application code. Request path: GET http://localhost:5037/favicon.ico, Response status code: 404
[23:02:10 INF] Application is shutting down...
[23:02:10 INF] Host terminated clearly
[23:02:13 INF] User profile is available. Using 'C:\Users\viono\AppData\Local\ASP.NET\DataProtection-Keys' as key repository and Windows DPAPI to encrypt keys at rest.
[23:02:13 INF] Application user name: ASHENVALE\viono
[23:02:13 INF] Runtime version: .NET 8.0.8
[23:02:13 INF] Now listening on: http://localhost:5037
[23:02:13 INF] Application started. Press Ctrl+C to shut down.
[23:02:13 INF] Hosting environment: Development
[23:02:13 INF] Content root path: C:\Projects\Stellaxis\samples\TemplateSite\TemplateSite.Server
[23:02:16 INF] Request starting HTTP/1.1 GET http://localhost:5037/weather - null null
[23:02:16 INF] Request finished HTTP/1.1 GET http://localhost:5037/weather - 200 null text/html; charset=utf-8 94.4548ms
[23:02:16 INF] Request starting HTTP/1.1 GET http://localhost:5037/_framework/blazor.web.js - null null
[23:02:16 INF] Request starting HTTP/1.1 GET http://localhost:5037/_framework/aspnetcore-browser-refresh.js - null null
[23:02:16 INF] Request finished HTTP/1.1 GET http://localhost:5037/_framework/aspnetcore-browser-refresh.js - 200 13401 application/javascript; charset=utf-8 3.1884ms
[23:02:16 INF] The file /_framework/blazor.web.js was not modified
[23:02:16 INF] Request finished HTTP/1.1 GET http://localhost:5037/_framework/blazor.web.js - 304 null text/javascript 6.7076ms
[23:02:20 INF] Request starting HTTP/1.1 GET http://localhost:5037/bootstrap/bootstrap.bundle.min.js.map - null null
[23:02:20 INF] Request finished HTTP/1.1 GET http://localhost:5037/bootstrap/bootstrap.bundle.min.js.map - 404 0 null 1.9086ms
[23:02:20 INF] Request reached the end of the middleware pipeline without being handled by application code. Request path: GET http://localhost:5037/bootstrap/bootstrap.bundle.min.js.map, Response status code: 404
[23:02:20 INF] Request starting HTTP/1.1 GET http://localhost:5037/bootstrap/bootstrap.min.css.map - null null
[23:02:20 INF] Request finished HTTP/1.1 GET http://localhost:5037/bootstrap/bootstrap.min.css.map - 404 0 null 2.5105ms
[23:02:20 INF] Request reached the end of the middleware pipeline without being handled by application code. Request path: GET http://localhost:5037/bootstrap/bootstrap.min.css.map, Response status code: 404
[23:02:55 INF] Application is shutting down...
[23:02:55 INF] Host terminated clearly
